Using pre-set license
Built from '2020.3/staging' branch; Version is '2020.3.13f1 (71691879b7f5) revision 7432472'; Using compiler version '192528614'; Build Type 'Release'
OS: 'Windows 10 Enterprise; OS build 19043.1165; Version 2009; 64bit' Language: 'en' Physical Memory: 16315 MB
BatchMode: 1, IsHumanControllingUs: 0, StartBugReporterOnCrash: 0, Is64bit: 1, IsPro: 0

 COMMAND LINE ARGUMENTS:
D:\Program Files\Unity\2020.3.13f1\Editor\Unity.exe
-adb2
-batchMode
-noUpm
-name
AssetImportWorker0
-projectPath
D:/Unity Projects/Stacky Dash
-logFile
Logs/AssetImportWorker0.log
-srvPort
1396
Successfully changed project path to: D:/Unity Projects/Stacky Dash
D:/Unity Projects/Stacky Dash
Using Asset Import Pipeline V2.
Refreshing native plugins compatible for Editor in 47.72 ms, found 0 plugins.
Preloading 0 native plugins for Editor in 0.00 ms.
Initialize engine version: 2020.3.13f1 (71691879b7f5)
[Subsystems] Discovering subsystems at path D:/Program Files/Unity/2020.3.13f1/Editor/Data/Resources/UnitySubsystems
[Subsystems] Discovering subsystems at path D:/Unity Projects/Stacky Dash/Assets
GfxDevice: creating device client; threaded=0
Direct3D:
    Version:  Direct3D 11.0 [level 11.1]
    Renderer: AMD Radeon(TM) RX 560 Series (ID=0x67ef)
    Vendor:   
    VRAM:     4075 MB
    Driver:   27.20.22001.14011
Shader 'Universal Render Pipeline/Particles/Lit': fallback shader 'Universal Render Pipeline/Particles/SimpleLit' not found
Initialize mono
Mono path[0] = 'D:/Program Files/Unity/2020.3.13f1/Editor/Data/Managed'
Mono path[1] = 'D:/Program Files/Unity/2020.3.13f1/Editor/Data/MonoBleedingEdge/lib/mono/unityjit'
Mono config path = 'D:/Program Files/Unity/2020.3.13f1/Editor/Data/MonoBleedingEdge/etc'
Using monoOptions --debugger-agent=transport=dt_socket,embedding=1,server=y,suspend=n,address=127.0.0.1:56352
Begin MonoManager ReloadAssembly
Registering precompiled unity dll's ...
Register platform support module: D:/Program Files/Unity/2020.3.13f1/Editor/Data/PlaybackEngines/WebGLSupport/UnityEditor.WebGL.Extensions.dll
Register platform support module: D:/Program Files/Unity/2020.3.13f1/Editor/Data/PlaybackEngines/WindowsStandaloneSupport/UnityEditor.WindowsStandalone.Extensions.dll
Registered in 0.001639 seconds.
Native extension for WindowsStandalone target not found
Native extension for WebGL target not found
Refreshing native plugins compatible for Editor in 49.16 ms, found 0 plugins.
Preloading 0 native plugins for Editor in 0.00 ms.
Mono: successfully reloaded assembly
- Completed reload, in  3.802 seconds
Platform modules already initialized, skipping
Registering precompiled user dll's ...
Registered in 0.001200 seconds.
Begin MonoManager ReloadAssembly
Native extension for WindowsStandalone target not found
Native extension for WebGL target not found
Refreshing native plugins compatible for Editor in 50.73 ms, found 0 plugins.
Preloading 0 native plugins for Editor in 0.00 ms.
Mono: successfully reloaded assembly
- Completed reload, in  1.222 seconds
Platform modules already initialized, skipping
========================================================================
Worker process is ready to serve import requests
Shader 'Universal Render Pipeline/Particles/Lit': fallback shader 'Universal Render Pipeline/Particles/SimpleLit' not found
Launched and connected shader compiler UnityShaderCompiler.exe after 0.05 seconds
Refreshing native plugins compatible for Editor in 0.43 ms, found 0 plugins.
Preloading 0 native plugins for Editor in 0.00 ms.
Unloading 2350 Unused Serialized files (Serialized files now loaded: 0)
System memory in use before: 113.8 MB.
System memory in use after: 114.0 MB.

Unloading 11 unused Assets to reduce memory usage. Loaded Objects now: 2800.
Total: 4.519800 ms (FindLiveObjects: 0.283000 ms CreateObjectMapping: 0.067600 ms MarkObjects: 4.057400 ms  DeleteObjects: 0.110300 ms)

AssetImportParameters requested are different than current active one (requested -> active):
  custom:framework-win-MediaFoundation: 216162199b28c13a410421893ffa2e32 -> 
  custom:video-decoder-ogg-theora: a1e56fd34408186e4bbccfd4996cb3dc -> 
  custom:container-muxer-webm: aa71ff27fc2769a1b78a27578f13a17b -> 
  custom:container-demuxer-webm: 4f35f7cbe854078d1ac9338744f61a02 -> 
  custom:container-demuxer-ogg: 62fdf1f143b41e24485cea50d1cbac27 -> 
  custom:video-encoder-webm-vp8: eb34c28f22e8b96e1ab97ce403110664 -> 
  custom:video-decoder-webm-vp8: 9c59270c3fd7afecdb556c50c9e8de78 -> 
  custom:audio-decoder-ogg-vorbis: bf7c407c2cedff20999df2af8eb42d56 -> 
  custom:audio-encoder-webm-vorbis: bf7c407c2cedff20999df2af8eb42d56 -> 
========================================================================
Received Import Request.
  path: Assets/Common/Sprites
  artifactKey: Guid(7e06578d8f4b0d34483344e516947cdd) Importer(815301076,1909f56bfc062723c751e8b465ee728b)
Start importing Assets/Common/Sprites using Guid(7e06578d8f4b0d34483344e516947cdd) Importer(815301076,1909f56bfc062723c751e8b465ee728b)  -> (artifact id: 'c955ff1e3f30de21d7283464c89f4241') in 0.005237 seconds 
  Import took 0.009135 seconds .

========================================================================
Received Import Request.
  Time since last request: 12.925658 seconds.
  path: Assets/Common/Sprites/Symbol 18.png
  artifactKey: Guid(534c87fb95ac1d143919d7873e8125ea) Importer(815301076,1909f56bfc062723c751e8b465ee728b)
Start importing Assets/Common/Sprites/Symbol 18.png using Guid(534c87fb95ac1d143919d7873e8125ea) Importer(815301076,1909f56bfc062723c751e8b465ee728b)  -> (artifact id: '4fc003bd6c4882e5de0f50ae742473b2') in 0.074073 seconds 
  Import took 0.078179 seconds .

========================================================================
Received Import Request.
  Time since last request: 0.007993 seconds.
  path: Assets/Common/Sprites/Symbol 18.png
  artifactKey: Guid(534c87fb95ac1d143919d7873e8125ea) Importer(815301076,1909f56bfc062723c751e8b465ee728b)
Start importing Assets/Common/Sprites/Symbol 18.png using Guid(534c87fb95ac1d143919d7873e8125ea) Importer(815301076,1909f56bfc062723c751e8b465ee728b)  -> (artifact id: '4fc003bd6c4882e5de0f50ae742473b2') in 0.005437 seconds 
  Import took 0.009471 seconds .

========================================================================
Received Import Request.
  Time since last request: 15.238751 seconds.
  path: Assets/Common/Sprites/Symbol 15.png
  artifactKey: Guid(21e8da87547ed0f409eb650680cff20d) Importer(815301076,1909f56bfc062723c751e8b465ee728b)
Start importing Assets/Common/Sprites/Symbol 15.png using Guid(21e8da87547ed0f409eb650680cff20d) Importer(815301076,1909f56bfc062723c751e8b465ee728b)  -> (artifact id: '36b581c3bc0b9736f645368931afd104') in 0.006169 seconds 
  Import took 0.010114 seconds .

========================================================================
Received Import Request.
  Time since last request: 1.089282 seconds.
  path: Assets/Common/Sprites/Symbol 14 Progress.png
  artifactKey: Guid(cab67d605d4a34f448b563234e739df9) Importer(815301076,1909f56bfc062723c751e8b465ee728b)
Start importing Assets/Common/Sprites/Symbol 14 Progress.png using Guid(cab67d605d4a34f448b563234e739df9) Importer(815301076,1909f56bfc062723c751e8b465ee728b)  -> (artifact id: 'afb7802c0f1f76b5efccbecf0e6ace76') in 0.005498 seconds 
  Import took 0.009354 seconds .

========================================================================
Received Import Request.
  Time since last request: 0.909076 seconds.
  path: Assets/Common/Sprites/Symbol 12 Success.png
  artifactKey: Guid(9f878d8454a0bed4c87a6180fe2e992b) Importer(815301076,1909f56bfc062723c751e8b465ee728b)
Start importing Assets/Common/Sprites/Symbol 12 Success.png using Guid(9f878d8454a0bed4c87a6180fe2e992b) Importer(815301076,1909f56bfc062723c751e8b465ee728b)  -> (artifact id: '4c5603f80b5dfd8bf6d849d5768a8afd') in 0.014123 seconds 
  Import took 0.017964 seconds .

========================================================================
Received Import Request.
  Time since last request: 0.001329 seconds.
  path: Assets/Common/Sprites/Symbol 12 Success.png
  artifactKey: Guid(9f878d8454a0bed4c87a6180fe2e992b) Importer(815301076,1909f56bfc062723c751e8b465ee728b)
Start importing Assets/Common/Sprites/Symbol 12 Success.png using Guid(9f878d8454a0bed4c87a6180fe2e992b) Importer(815301076,1909f56bfc062723c751e8b465ee728b)  -> (artifact id: '4c5603f80b5dfd8bf6d849d5768a8afd') in 0.012710 seconds 
  Import took 0.016170 seconds .

========================================================================
Received Import Request.
  Time since last request: 2.310736 seconds.
  path: Assets/Common/Sprites/Symbol 11 Fail.png
  artifactKey: Guid(79605e4cd3542554a9ab3c7c829a1c33) Importer(815301076,1909f56bfc062723c751e8b465ee728b)
Start importing Assets/Common/Sprites/Symbol 11 Fail.png using Guid(79605e4cd3542554a9ab3c7c829a1c33) Importer(815301076,1909f56bfc062723c751e8b465ee728b)  -> (artifact id: 'd79f47e2a6975c700d8e31158fbce583') in 0.008585 seconds 
  Import took 0.012392 seconds .

========================================================================
Received Import Request.
  Time since last request: 1.592313 seconds.
  path: Assets/Common/Sprites/Symbol 7.png
  artifactKey: Guid(3bf990cd37749704f936e25c41fa0b33) Importer(815301076,1909f56bfc062723c751e8b465ee728b)
Start importing Assets/Common/Sprites/Symbol 7.png using Guid(3bf990cd37749704f936e25c41fa0b33) Importer(815301076,1909f56bfc062723c751e8b465ee728b)  -> (artifact id: '711793ae554bec00e0031ed46a2c74ba') in 0.005657 seconds 
  Import took 0.009449 seconds .

========================================================================
Received Import Request.
  Time since last request: 1.126211 seconds.
  path: Assets/Common/Sprites/Symbol 5.png
  artifactKey: Guid(31bce0a5de3f84140ae54c2afbf5f1c0) Importer(815301076,1909f56bfc062723c751e8b465ee728b)
Start importing Assets/Common/Sprites/Symbol 5.png using Guid(31bce0a5de3f84140ae54c2afbf5f1c0) Importer(815301076,1909f56bfc062723c751e8b465ee728b)  -> (artifact id: '396fa87b6180b3fe4b0668c5ff5ec7df') in 0.005541 seconds 
  Import took 0.009333 seconds .

========================================================================
Received Import Request.
  Time since last request: 1.606511 seconds.
  path: Assets/Common/Sprites/settings.png
  artifactKey: Guid(75a6131cb58c21a4d98daeadbf365d5d) Importer(815301076,1909f56bfc062723c751e8b465ee728b)
Start importing Assets/Common/Sprites/settings.png using Guid(75a6131cb58c21a4d98daeadbf365d5d) Importer(815301076,1909f56bfc062723c751e8b465ee728b)  -> (artifact id: 'bb51321aa42c408ef3cec1c174f768ec') in 0.004996 seconds 
  Import took 0.008805 seconds .

========================================================================
Received Import Request.
  Time since last request: 1.207244 seconds.
  path: Assets/Common/Sprites/finger.png
  artifactKey: Guid(b497238979b5d6844aa45d1ee9abae92) Importer(815301076,1909f56bfc062723c751e8b465ee728b)
Start importing Assets/Common/Sprites/finger.png using Guid(b497238979b5d6844aa45d1ee9abae92) Importer(815301076,1909f56bfc062723c751e8b465ee728b)  -> (artifact id: 'aaa2518167369c688ed43791cdf1b901') in 0.005503 seconds 
  Import took 0.009302 seconds .

========================================================================
Received Import Request.
  Time since last request: 1.406453 seconds.
  path: Assets/Common/Sprites/Example.png
  artifactKey: Guid(8246c780d1712e04daad0575b638d6db) Importer(815301076,1909f56bfc062723c751e8b465ee728b)
Start importing Assets/Common/Sprites/Example.png using Guid(8246c780d1712e04daad0575b638d6db) Importer(815301076,1909f56bfc062723c751e8b465ee728b)  -> (artifact id: 'e8793643ae9b34329e8c200c041118fc') in 0.023309 seconds 
  Import took 0.027317 seconds .

========================================================================
Received Import Request.
  Time since last request: 11.991716 seconds.
  path: Assets/Common/Sprites/Button.png
  artifactKey: Guid(f63333c56151e0f41aea1a2ba580ab3f) Importer(815301076,1909f56bfc062723c751e8b465ee728b)
Start importing Assets/Common/Sprites/Button.png using Guid(f63333c56151e0f41aea1a2ba580ab3f) Importer(815301076,1909f56bfc062723c751e8b465ee728b)  -> (artifact id: '2687fea95cfccf4bb1e8aa7d9f38442e') in 0.006794 seconds 
  Import took 0.010689 seconds .

========================================================================
Received Import Request.
  Time since last request: 1.078040 seconds.
  path: Assets/Common/Sprites/arrow.png
  artifactKey: Guid(18f04e7e7defbf74b9bff8c4804e00ec) Importer(815301076,1909f56bfc062723c751e8b465ee728b)
Start importing Assets/Common/Sprites/arrow.png using Guid(18f04e7e7defbf74b9bff8c4804e00ec) Importer(815301076,1909f56bfc062723c751e8b465ee728b)  -> (artifact id: '21629407dae3cb8a5db98547ad97f4a4') in 0.004880 seconds 
  Import took 0.008626 seconds .

